<?xml version="1.0" encoding="UTF-8"?>
<testsuite xmlns:xsi="http://www.w3.org/2001/XMLSchema-instance" xsi:schemaLocation="https://maven.apache.org/surefire/maven-surefire-plugin/xsd/surefire-test-report.xsd" name="gapchenko.llttz.test.HyperSphereTest" time="0" tests="8" errors="0" skipped="0" failures="5">
  <properties>
[...]
</properties>
  <testcase name="testHyperSphere1" classname="gapchenko.llttz.test.HyperSphereTest" time="0"/>
  <testcase name="testHyperSphere2" classname="gapchenko.llttz.test.HyperSphereTest" time="0">
    <failure message="Expected exception: java.lang.Exception" type="java.lang.AssertionError">java.lang.AssertionError: Expected exception: java.lang.Exception
</failure>
  </testcase>
  <testcase name="testHyperSphere3" classname="gapchenko.llttz.test.HyperSphereTest" time="0"/>
  <testcase name="testHyperSphere4" classname="gapchenko.llttz.test.HyperSphereTest" time="0"/>
  <testcase name="testHyperSphere5" classname="gapchenko.llttz.test.HyperSphereTest" time="0">
    <failure message="Expected exception: java.lang.Exception" type="java.lang.AssertionError">java.lang.AssertionError: Expected exception: java.lang.Exception
</failure>
  </testcase>
  <testcase name="testHyperSphere6" classname="gapchenko.llttz.test.HyperSphereTest" time="0">
    <failure message="Expected exception: java.lang.Exception" type="java.lang.AssertionError">java.lang.AssertionError: Expected exception: java.lang.Exception
</failure>
  </testcase>
  <testcase name="testHyperSphere7" classname="gapchenko.llttz.test.HyperSphereTest" time="0">
    <failure message="Expected exception: java.lang.Exception" type="java.lang.AssertionError">java.lang.AssertionError: Expected exception: java.lang.Exception
</failure>
  </testcase>
  <testcase name="testHyperSphere8" classname="gapchenko.llttz.test.HyperSphereTest" time="0">
    <failure message="Expected exception: java.lang.Exception" type="java.lang.AssertionError">java.lang.AssertionError: Expected exception: java.lang.Exception
</failure>
  </testcase>
</testsuite>